This file contains any messages produced by compilers while
running configure, to aid debugging if configure makes a mistake.

It was created by alienarena configure 7.71.5, which was
generated by GNU Autoconf 2.69.  Invocation command line was

  $ ./configure --disable-option-checking --prefix=/snap/alienarena --cache-file=/dev/null --srcdir=.

## --------- ##
## Platform. ##
## --------- ##

hostname = MundoSangre
uname -m = x86_64
uname -r = 6.2.0-26-generic
uname -s = Linux
uname -v = #26~22.04.1-Ubuntu SMP PREEMPT_DYNAMIC Thu Jul 13 16:27:29 UTC 2

/usr/bin/uname -p = x86_64
/bin/uname -X     = unknown

/bin/arch              = x86_64
/usr/bin/arch -k       = unknown
/usr/convex/getsysinfo = unknown
/usr/bin/hostinfo      = unknown
/bin/machine           = unknown
/usr/bin/oslevel       = unknown
/bin/universe          = unknown

PATH: /home/marisag/perl5/bin
PATH: /home/marisag/bin
PATH: /home/marisag/bin
PATH: /home/marisag/bin
PATH: /usr/local/sbin
PATH: /usr/local/bin
PATH: /usr/sbin
PATH: /usr/bin
PATH: /sbin
PATH: /bin
PATH: /usr/games
PATH: /usr/local/games
PATH: /snap/bin
PATH: /snap/bin


## ----------- ##
## Core tests. ##
## ----------- ##

configure:1771: checking for a BSD-compatible install
configure:1839: result: /usr/bin/install -c
configure:1850: checking whether build environment is sane
configure:1905: result: yes
configure:2056: checking for a thread-safe mkdir -p
configure:2095: result: /usr/bin/mkdir -p
configure:2102: checking for gawk
configure:2118: found /usr/bin/gawk
configure:2129: result: gawk
configure:2140: checking whether make sets $(MAKE)
configure:2162: result: yes
configure:2191: checking whether make supports nested variables
configure:2208: result: yes
configure:2336: checking whether to enable maintainer-specific portions of Makefiles
configure:2345: result: no
configure:2499: checking that generated files are newer than configure
configure:2505: result: done
configure:2517: creating ./config.status

## ---------------------- ##
## Running config.status. ##
## ---------------------- ##

This file was extended by alienarena config.status 7.71.5, which was
generated by GNU Autoconf 2.69.  Invocation command line was

  CONFIG_FILES    = 
  CONFIG_HEADERS  = 
  CONFIG_LINKS    = 
  CONFIG_COMMANDS = 
  $ ./config.status 

on MundoSangre

config.status:759: creating Makefile
config.status:759: creating botinfo/Makefile
config.status:759: creating env/Makefile
config.status:759: creating gfx/Makefile
config.status:759: creating levelshots/Makefile
config.status:759: creating maps/Makefile
config.status:759: creating models/Makefile
config.status:759: creating particles/Makefile
config.status:759: creating pics/Makefile
config.status:759: creating players/Makefile
config.status:759: creating scripts/Makefile
config.status:759: creating sound/Makefile
config.status:759: creating textures/Makefile
config.status:759: creating vehicles/Makefile

## ---------------- ##
## Cache variables. ##
## ---------------- ##

ac_cv_env_build_alias_set=
ac_cv_env_build_alias_value=
ac_cv_env_host_alias_set=
ac_cv_env_host_alias_value=
ac_cv_env_target_alias_set=
ac_cv_env_target_alias_value=
ac_cv_path_install='/usr/bin/install -c'
ac_cv_path_mkdir=/usr/bin/mkdir
ac_cv_prog_AWK=gawk
ac_cv_prog_make_make_set=yes
am_cv_make_support_nested_variables=yes

## ----------------- ##
## Output variables. ##
## ----------------- ##

ACLOCAL='${SHELL} /home/marisag/Documents/alienarena/7.71.5/data1/build-aux/missing aclocal-1.15'
AMTAR='$${TAR-tar}'
AM_BACKSLASH='\'
AM_DEFAULT_V='$(AM_DEFAULT_VERBOSITY)'
AM_DEFAULT_VERBOSITY='1'
AM_V='$(V)'
AUTOCONF='${SHELL} /home/marisag/Documents/alienarena/7.71.5/data1/build-aux/missing autoconf'
AUTOHEADER='${SHELL} /home/marisag/Documents/alienarena/7.71.5/data1/build-aux/missing autoheader'
AUTOMAKE='${SHELL} /home/marisag/Documents/alienarena/7.71.5/data1/build-aux/missing automake-1.15'
AWK='gawk'
CYGPATH_W='echo'
DEFS='-DPACKAGE_NAME=\"alienarena\" -DPACKAGE_TARNAME=\"alienarena\" -DPACKAGE_VERSION=\"7.71.5\" -DPACKAGE_STRING=\"alienarena\ 7.71.5\" -DPACKAGE_BUGREPORT=\"\" -DPACKAGE_URL=\"\" -DPACKAGE=\"alienarena\" -DVERSION=\"7.71.5\"'
ECHO_C=''
ECHO_N='-n'
ECHO_T=''
INSTALL_DATA='${INSTALL} -m 644'
INSTALL_PROGRAM='${INSTALL}'
INSTALL_SCRIPT='${INSTALL}'
INSTALL_STRIP_PROGRAM='$(install_sh) -c -s'
LIBOBJS=''
LIBS=''
LTLIBOBJS=''
MAINT='#'
MAINTAINER_MODE_FALSE=''
MAINTAINER_MODE_TRUE='#'
MAKEINFO='${SHELL} /home/marisag/Documents/alienarena/7.71.5/data1/build-aux/missing makeinfo'
MKDIR_P='/usr/bin/mkdir -p'
PACKAGE='alienarena'
PACKAGE_BUGREPORT=''
PACKAGE_NAME='alienarena'
PACKAGE_STRING='alienarena 7.71.5'
PACKAGE_TARNAME='alienarena'
PACKAGE_URL=''
PACKAGE_VERSION='7.71.5'
PATH_SEPARATOR=':'
SET_MAKE=''
SHELL='/bin/bash'
STRIP=''
VERSION='7.71.5'
am__isrc=''
am__leading_dot='.'
am__tar='$${TAR-tar} chof - "$$tardir"'
am__untar='$${TAR-tar} xf -'
bindir='${exec_prefix}/bin'
build_alias=''
datadir='${datarootdir}'
datarootdir='${prefix}/share'
docdir='${datarootdir}/doc/${PACKAGE_TARNAME}'
dvidir='${docdir}'
exec_prefix='${prefix}'
host_alias=''
htmldir='${docdir}'
includedir='${prefix}/include'
infodir='${datarootdir}/info'
install_sh='${SHELL} /home/marisag/Documents/alienarena/7.71.5/data1/build-aux/install-sh'
libdir='${exec_prefix}/lib'
libexecdir='${exec_prefix}/libexec'
localedir='${datarootdir}/locale'
localstatedir='${prefix}/var'
mandir='${datarootdir}/man'
mkdir_p='$(MKDIR_P)'
oldincludedir='/usr/include'
pdfdir='${docdir}'
prefix='/snap/alienarena'
program_transform_name='s,x,x,'
psdir='${docdir}'
runstatedir='${localstatedir}/run'
sbindir='${exec_prefix}/sbin'
sharedstatedir='${prefix}/com'
sysconfdir='${prefix}/etc'
target_alias=''

## ----------- ##
## confdefs.h. ##
## ----------- ##

/* confdefs.h */
#define PACKAGE_NAME "alienarena"
#define PACKAGE_TARNAME "alienarena"
#define PACKAGE_VERSION "7.71.5"
#define PACKAGE_STRING "alienarena 7.71.5"
#define PACKAGE_BUGREPORT ""
#define PACKAGE_URL ""
#define PACKAGE "alienarena"
#define VERSION "7.71.5"

configure: exit 0
